[debug] [2022-09-14T20:13:44.439Z] ----------------------------------------------------------------------
[debug] [2022-09-14T20:13:44.441Z] Command:       C:\Program Files\nodejs\node.exe C:\Users\ruudh\AppData\Roaming\npm\node_modules\firebase-tools\lib\bin\firebase.js init
[debug] [2022-09-14T20:13:44.442Z] CLI Version:   10.6.0
[debug] [2022-09-14T20:13:44.442Z] Platform:      win32
[debug] [2022-09-14T20:13:44.442Z] Node Version:  v16.13.1
[debug] [2022-09-14T20:13:44.452Z] Time:          Thu Sep 15 2022 01:43:44 GMT+0530 (India Standard Time)
[debug] [2022-09-14T20:13:44.452Z] ----------------------------------------------------------------------
[debug] 
[debug] [2022-09-14T20:13:44.512Z] > command requires scopes: ["email","openid","https://www.googleapis.com/auth/cloudplatformprojects.readonly","https://www.googleapis.com/auth/firebase","https://www.googleapis.com/auth/cloud-platform"]
[debug] [2022-09-14T20:13:44.512Z] > authorizing via signed-in user (tech.interviewtrace@gmail.com)
[info] 
     ######## #### ########  ######## ########     ###     ######  ########
     ##        ##  ##     ## ##       ##     ##  ##   ##  ##       ##
     ######    ##  ########  ######   ########  #########  ######  ######
     ##        ##  ##    ##  ##       ##     ## ##     ##       ## ##
     ##       #### ##     ## ######## ########  ##     ##  ######  ########

You're about to initialize a Firebase project in this directory:

  C:\Users\ruudh\Documents\LeanCrewTech\QueryTracker\firebase-recipes-react-webapp

Before we get started, keep in mind:

  * You are initializing within an existing Firebase project directory

[info] 
=== Project Setup
[info] 
[info] First, let's associate this project directory with a Firebase project.
[info] You can create multiple project aliases by running firebase use --add, 
[info] but for now we'll just set up a default project.
[info] 
[debug] [2022-09-14T20:14:46.948Z] Using project from CLI flag: fir-recipe-71020
[debug] [2022-09-14T20:14:46.953Z] > refreshing access token with scopes: []
[debug] [2022-09-14T20:14:46.954Z] >>> HTTP REQUEST POST https://www.googleapis.com/oauth2/v3/token  
 <request body omitted>
[debug] [2022-09-14T20:14:47.270Z] <<< HTTP RESPONSE 200 {"pragma":"no-cache","cache-control":"no-cache, no-store, max-age=0, must-revalidate","date":"Wed, 14 Sep 2022 20:14:46 GMT","expires":"Mon, 01 Jan 1990 00:00:00 GMT","content-type":"application/json; charset=utf-8","vary":"X-Origin, Referer, Origin,Accept-Encoding","server":"scaffolding on HTTPServer2","x-xss-protection":"0","x-frame-options":"SAMEORIGIN","x-content-type-options":"nosniff","alt-svc":"h3=\":443\"; ma=2592000,h3-29=\":443\"; ma=2592000,h3-Q050=\":443\"; ma=2592000,h3-Q046=\":443\"; ma=2592000,h3-Q043=\":443\"; ma=2592000,quic=\":443\"; ma=2592000; v=\"46,43\"","accept-ranges":"none","transfer-encoding":"chunked"}
[debug] [2022-09-14T20:14:47.283Z] >>> [apiv2][query] GET https://firebase.googleapis.com/v1beta1/projects/fir-recipe-71020 [none]
[debug] [2022-09-14T20:14:47.725Z] <<< [apiv2][status] GET https://firebase.googleapis.com/v1beta1/projects/fir-recipe-71020 200
[debug] [2022-09-14T20:14:47.726Z] <<< [apiv2][body] GET https://firebase.googleapis.com/v1beta1/projects/fir-recipe-71020 {"projectId":"fir-recipe-71020","projectNumber":"446024570801","displayName":"firebase-recipe","name":"projects/fir-recipe-71020","resources":{"hostingSite":"fir-recipe-71020"},"state":"ACTIVE","etag":"1_0db846d6-5819-4308-98bf-47878b37b4b9"}
[info] i  Using project fir-recipe-71020 (firebase-recipe) 
[info] 
=== Hosting:github Setup
[info] 
[info] i  Detected a .git folder at C:\Users\ruudh\Documents\LeanCrewTech\QueryTracker\firebase-recipes-react-webapp 
[info] i  Authorizing with GitHub to upload your service account to a GitHub repository's secrets store. 
[info] 
[info] Visit this URL on this device to log in:
[info] https://github.com/login/oauth/authorize?client_id=89cf50f02ac6aaed3484&state=785008854&redirect_uri=http%3A%2F%2Flocalhost%3A9005&scope=read%3Auser%20repo%20public_repo
[info] 
[info] Waiting for authentication...
